<?xml version="1.0" encoding="UTF-8"?>
<testng-results skipped="0" failed="0" ignored="0" total="1" passed="1">
  <reporter-output>
  </reporter-output>
  <suite name="com.test.TestHelloWorld" duration-ms="69" started-at="2021-11-18T00:24:02 EST" finished-at="2021-11-18T00:24:02 EST">
    <groups>
    </groups>
    <test name="Command line test" duration-ms="69" started-at="2021-11-18T00:24:02 EST" finished-at="2021-11-18T00:24:02 EST">
      <class name="com.test.TestHelloWorld">
        <test-method status="PASS" signature="testHello()[pri:0, instance:com.test.TestHelloWorld@42d80b78]" name="testHello" duration-ms="5" started-at="2021-11-18T00:24:02 EST" finished-at="2021-11-18T00:24:02 EST">
          <reporter-output>
          </reporter-output>
        </test-method> <!-- testHello -->
      </class> <!-- com.test.TestHelloWorld -->
    </test> <!-- Command line test -->
  </suite> <!-- com.test.TestHelloWorld -->
</testng-results>
